{"/Users/molatif/Desktop/Assignment/DuolingoLesson/eslint.config.js": {"path":"/Users/molatif/Desktop/Assignment/DuolingoLesson/eslint.config.js","statementMap":{"0":{"start":{"line":2,"column":25},"end":{"line":2,"column":49}},"1":{"start":{"line":3,"column":19},"end":{"line":3,"column":53}},"2":{"start":{"line":5,"column":0},"end":{"line":10,"column":3}}},"fnMap":{},"branchMap":{},"s":{"0":0,"1":0,"2":0},"f":{},"b":{}}
,"/Users/molatif/Desktop/Assignment/DuolingoLesson/expo-env.d.ts": {"path":"/Users/molatif/Desktop/Assignment/DuolingoLesson/expo-env.d.ts","statementMap":{},"fnMap":{},"branchMap":{},"s":{},"f":{},"b":{}}
,"/Users/molatif/Desktop/Assignment/DuolingoLesson/jest.config.js": {"path":"/Users/molatif/Desktop/Assignment/DuolingoLesson/jest.config.js","statementMap":{"0":{"start":{"line":1,"column":0},"end":{"line":19,"column":2}}},"fnMap":{},"branchMap":{},"s":{"0":0},"f":{},"b":{}}
,"/Users/molatif/Desktop/Assignment/DuolingoLesson/.expo/types/router.d.ts": {"path":"/Users/molatif/Desktop/Assignment/DuolingoLesson/.expo/types/router.d.ts","statementMap":{},"fnMap":{},"branchMap":{},"s":{},"f":{},"b":{}}
,"/Users/molatif/Desktop/Assignment/DuolingoLesson/app/_layout.tsx": {"path":"/Users/molatif/Desktop/Assignment/DuolingoLesson/app/_layout.tsx","statementMap":{"0":{"start":{"line":5,"column":2},"end":{"line":13,"column":4}}},"fnMap":{"0":{"name":"RootLayout","decl":{"start":{"line":4,"column":24},"end":{"line":4,"column":34}},"loc":{"start":{"line":4,"column":37},"end":{"line":14,"column":1}},"line":4}},"branchMap":{},"s":{"0":0},"f":{"0":0},"b":{}}
,"/Users/molatif/Desktop/Assignment/DuolingoLesson/app/completion.tsx": {"path":"/Users/molatif/Desktop/Assignment/DuolingoLesson/app/completion.tsx","statementMap":{"0":{"start":{"line":9,"column":17},"end":{"line":9,"column":28}},"1":{"start":{"line":10,"column":16},"end":{"line":10,"column":27}},"2":{"start":{"line":11,"column":34},"end":{"line":11,"column":65}},"3":{"start":{"line":12,"column":26},"end":{"line":12,"column":47}},"4":{"start":{"line":14,"column":2},"end":{"line":17,"column":9}},"5":{"start":{"line":15,"column":4},"end":{"line":15,"column":25}},"6":{"start":{"line":16,"column":4},"end":{"line":16,"column":23}},"7":{"start":{"line":19,"column":29},"end":{"line":28,"column":3}},"8":{"start":{"line":20,"column":4},"end":{"line":27,"column":5}},"9":{"start":{"line":21,"column":20},"end":{"line":21,"column":65}},"10":{"start":{"line":22,"column":6},"end":{"line":24,"column":7}},"11":{"start":{"line":23,"column":8},"end":{"line":23,"column":39}},"12":{"start":{"line":26,"column":6},"end":{"line":26,"column":59}},"13":{"start":{"line":30,"column":27},"end":{"line":43,"column":3}},"14":{"start":{"line":31,"column":4},"end":{"line":42,"column":15}},"15":{"start":{"line":45,"column":22},"end":{"line":48,"column":3}},"16":{"start":{"line":46,"column":4},"end":{"line":46,"column":53}},"17":{"start":{"line":47,"column":4},"end":{"line":47,"column":21}},"18":{"start":{"line":50,"column":2},"end":{"line":83,"column":4}},"19":{"start":{"line":86,"column":15},"end":{"line":144,"column":2}}},"fnMap":{"0":{"name":"CompletionScreen","decl":{"start":{"line":8,"column":24},"end":{"line":8,"column":40}},"loc":{"start":{"line":8,"column":43},"end":{"line":84,"column":1}},"line":8},"1":{"name":"(anonymous_1)","decl":{"start":{"line":14,"column":12},"end":{"line":14,"column":13}},"loc":{"start":{"line":14,"column":18},"end":{"line":17,"column":3}},"line":14},"2":{"name":"(anonymous_2)","decl":{"start":{"line":19,"column":29},"end":{"line":19,"column":30}},"loc":{"start":{"line":19,"column":41},"end":{"line":28,"column":3}},"line":19},"3":{"name":"(anonymous_3)","decl":{"start":{"line":30,"column":27},"end":{"line":30,"column":28}},"loc":{"start":{"line":30,"column":33},"end":{"line":43,"column":3}},"line":30},"4":{"name":"(anonymous_4)","decl":{"start":{"line":45,"column":22},"end":{"line":45,"column":23}},"loc":{"start":{"line":45,"column":34},"end":{"line":48,"column":3}},"line":45}},"branchMap":{"0":{"loc":{"start":{"line":22,"column":6},"end":{"line":24,"column":7}},"type":"if","locations":[{"start":{"line":22,"column":6},"end":{"line":24,"column":7}},{"start":{},"end":{}}],"line":22},"1":{"loc":{"start":{"line":59,"column":7},"end":{"line":74,"column":7}},"type":"binary-expr","locations":[{"start":{"line":59,"column":7},"end":{"line":59,"column":15}},{"start":{"line":60,"column":8},"end":{"line":73,"column":15}}],"line":59}},"s":{"0":0,"1":0,"2":0,"3":0,"4":0,"5":0,"6":0,"7":0,"8":0,"9":0,"10":0,"11":0,"12":0,"13":0,"14":0,"15":0,"16":0,"17":0,"18":0,"19":0},"f":{"0":0,"1":0,"2":0,"3":0,"4":0},"b":{"0":[0,0],"1":[0,0]}}
,"/Users/molatif/Desktop/Assignment/DuolingoLesson/app/index.tsx": {"path":"/Users/molatif/Desktop/Assignment/DuolingoLesson/app/index.tsx","statementMap":{"0":{"start":{"line":8,"column":17},"end":{"line":8,"column":28}},"1":{"start":{"line":9,"column":35},"end":{"line":9,"column":46}},"2":{"start":{"line":11,"column":2},"end":{"line":32,"column":4}},"3":{"start":{"line":15,"column":23},"end":{"line":15,"column":63}},"4":{"start":{"line":27,"column":23},"end":{"line":27,"column":45}},"5":{"start":{"line":35,"column":15},"end":{"line":80,"column":2}}},"fnMap":{"0":{"name":"StartScreen","decl":{"start":{"line":7,"column":24},"end":{"line":7,"column":35}},"loc":{"start":{"line":7,"column":38},"end":{"line":33,"column":1}},"line":7},"1":{"name":"(anonymous_1)","decl":{"start":{"line":15,"column":17},"end":{"line":15,"column":18}},"loc":{"start":{"line":15,"column":23},"end":{"line":15,"column":63}},"line":15},"2":{"name":"(anonymous_2)","decl":{"start":{"line":27,"column":17},"end":{"line":27,"column":18}},"loc":{"start":{"line":27,"column":23},"end":{"line":27,"column":45}},"line":27}},"branchMap":{"0":{"loc":{"start":{"line":15,"column":33},"end":{"line":15,"column":62}},"type":"cond-expr","locations":[{"start":{"line":15,"column":51},"end":{"line":15,"column":55}},{"start":{"line":15,"column":58},"end":{"line":15,"column":62}}],"line":15},"1":{"loc":{"start":{"line":17,"column":43},"end":{"line":17,"column":72}},"type":"cond-expr","locations":[{"start":{"line":17,"column":61},"end":{"line":17,"column":65}},{"start":{"line":17,"column":68},"end":{"line":17,"column":72}}],"line":17}},"s":{"0":0,"1":0,"2":0,"3":0,"4":0,"5":0},"f":{"0":0,"1":0,"2":0},"b":{"0":[0,0],"1":[0,0]}}
,"/Users/molatif/Desktop/Assignment/DuolingoLesson/app/lesson.tsx": {"path":"/Users/molatif/Desktop/Assignment/DuolingoLesson/app/lesson.tsx","statementMap":{"0":{"start":{"line":16,"column":17},"end":{"line":16,"column":28}},"1":{"start":{"line":17,"column":16},"end":{"line":17,"column":27}},"2":{"start":{"line":18,"column":42},"end":{"line":18,"column":53}},"3":{"start":{"line":19,"column":28},"end":{"line":19,"column":39}},"4":{"start":{"line":20,"column":30},"end":{"line":20,"column":41}},"5":{"start":{"line":21,"column":22},"end":{"line":21,"column":33}},"6":{"start":{"line":22,"column":30},"end":{"line":22,"column":41}},"7":{"start":{"line":23,"column":38},"end":{"line":23,"column":53}},"8":{"start":{"line":24,"column":36},"end":{"line":24,"column":51}},"9":{"start":{"line":26,"column":26},"end":{"line":26,"column":72}},"10":{"start":{"line":27,"column":25},"end":{"line":27,"column":73}},"11":{"start":{"line":29,"column":2},"end":{"line":31,"column":9}},"12":{"start":{"line":30,"column":4},"end":{"line":30,"column":19}},"13":{"start":{"line":33,"column":2},"end":{"line":35,"column":48}},"14":{"start":{"line":34,"column":4},"end":{"line":34,"column":19}},"15":{"start":{"line":37,"column":23},"end":{"line":53,"column":3}},"16":{"start":{"line":38,"column":4},"end":{"line":52,"column":5}},"17":{"start":{"line":39,"column":20},"end":{"line":39,"column":64}},"18":{"start":{"line":40,"column":6},"end":{"line":49,"column":7}},"19":{"start":{"line":41,"column":35},"end":{"line":41,"column":52}},"20":{"start":{"line":42,"column":8},"end":{"line":48,"column":9}},"21":{"start":{"line":43,"column":10},"end":{"line":43,"column":49}},"22":{"start":{"line":44,"column":10},"end":{"line":44,"column":35}},"23":{"start":{"line":45,"column":10},"end":{"line":45,"column":37}},"24":{"start":{"line":46,"column":10},"end":{"line":46,"column":29}},"25":{"start":{"line":47,"column":10},"end":{"line":47,"column":37}},"26":{"start":{"line":51,"column":6},"end":{"line":51,"column":52}},"27":{"start":{"line":55,"column":23},"end":{"line":69,"column":3}},"28":{"start":{"line":56,"column":4},"end":{"line":68,"column":5}},"29":{"start":{"line":57,"column":33},"end":{"line":64,"column":7}},"30":{"start":{"line":65,"column":6},"end":{"line":65,"column":77}},"31":{"start":{"line":67,"column":6},"end":{"line":67,"column":51}},"32":{"start":{"line":71,"column":24},"end":{"line":77,"column":3}},"33":{"start":{"line":72,"column":4},"end":{"line":76,"column":5}},"34":{"start":{"line":73,"column":6},"end":{"line":73,"column":54}},"35":{"start":{"line":75,"column":6},"end":{"line":75,"column":53}},"36":{"start":{"line":79,"column":23},"end":{"line":104,"column":3}},"37":{"start":{"line":80,"column":18},"end":{"line":80,"column":23}},"38":{"start":{"line":82,"column":4},"end":{"line":88,"column":5}},"39":{"start":{"line":83,"column":25},"end":{"line":83,"column":66}},"40":{"start":{"line":84,"column":6},"end":{"line":84,"column":86}},"41":{"start":{"line":86,"column":25},"end":{"line":86,"column":74}},"42":{"start":{"line":87,"column":6},"end":{"line":87,"column":96}},"43":{"start":{"line":90,"column":4},"end":{"line":90,"column":26}},"44":{"start":{"line":91,"column":4},"end":{"line":91,"column":24}},"45":{"start":{"line":93,"column":4},"end":{"line":103,"column":5}},"46":{"start":{"line":94,"column":6},"end":{"line":94,"column":26}},"47":{"start":{"line":95,"column":6},"end":{"line":95,"column":44}},"48":{"start":{"line":96,"column":6},"end":{"line":98,"column":7}},"49":{"start":{"line":97,"column":8},"end":{"line":97,"column":56}},"50":{"start":{"line":100,"column":6},"end":{"line":102,"column":7}},"51":{"start":{"line":101,"column":8},"end":{"line":101,"column":30}},"52":{"start":{"line":106,"column":21},"end":{"line":123,"column":3}},"53":{"start":{"line":107,"column":4},"end":{"line":122,"column":5}},"54":{"start":{"line":108,"column":6},"end":{"line":108,"column":28}},"55":{"start":{"line":109,"column":38},"end":{"line":116,"column":7}},"56":{"start":{"line":117,"column":6},"end":{"line":117,"column":83}},"57":{"start":{"line":118,"column":6},"end":{"line":118,"column":33}},"58":{"start":{"line":120,"column":6},"end":{"line":120,"column":40}},"59":{"start":{"line":121,"column":6},"end":{"line":121,"column":27}},"60":{"start":{"line":125,"column":2},"end":{"line":165,"column":4}},"61":{"start":{"line":168,"column":15},"end":{"line":208,"column":2}}},"fnMap":{"0":{"name":"LessonScreen","decl":{"start":{"line":15,"column":24},"end":{"line":15,"column":36}},"loc":{"start":{"line":15,"column":39},"end":{"line":166,"column":1}},"line":15},"1":{"name":"(anonymous_1)","decl":{"start":{"line":29,"column":12},"end":{"line":29,"column":13}},"loc":{"start":{"line":29,"column":18},"end":{"line":31,"column":3}},"line":29},"2":{"name":"(anonymous_2)","decl":{"start":{"line":33,"column":12},"end":{"line":33,"column":13}},"loc":{"start":{"line":33,"column":18},"end":{"line":35,"column":3}},"line":33},"3":{"name":"(anonymous_3)","decl":{"start":{"line":37,"column":23},"end":{"line":37,"column":24}},"loc":{"start":{"line":37,"column":35},"end":{"line":53,"column":3}},"line":37},"4":{"name":"(anonymous_4)","decl":{"start":{"line":55,"column":23},"end":{"line":55,"column":24}},"loc":{"start":{"line":55,"column":35},"end":{"line":69,"column":3}},"line":55},"5":{"name":"(anonymous_5)","decl":{"start":{"line":71,"column":24},"end":{"line":71,"column":25}},"loc":{"start":{"line":71,"column":36},"end":{"line":77,"column":3}},"line":71},"6":{"name":"(anonymous_6)","decl":{"start":{"line":79,"column":23},"end":{"line":79,"column":24}},"loc":{"start":{"line":79,"column":54},"end":{"line":104,"column":3}},"line":79},"7":{"name":"(anonymous_7)","decl":{"start":{"line":106,"column":21},"end":{"line":106,"column":22}},"loc":{"start":{"line":106,"column":33},"end":{"line":123,"column":3}},"line":106}},"branchMap":{"0":{"loc":{"start":{"line":40,"column":6},"end":{"line":49,"column":7}},"type":"if","locations":[{"start":{"line":40,"column":6},"end":{"line":49,"column":7}},{"start":{},"end":{}}],"line":40},"1":{"loc":{"start":{"line":42,"column":8},"end":{"line":48,"column":9}},"type":"if","locations":[{"start":{"line":42,"column":8},"end":{"line":48,"column":9}},{"start":{},"end":{}}],"line":42},"2":{"loc":{"start":{"line":82,"column":4},"end":{"line":88,"column":5}},"type":"if","locations":[{"start":{"line":82,"column":4},"end":{"line":88,"column":5}},{"start":{"line":85,"column":11},"end":{"line":88,"column":5}}],"line":82},"3":{"loc":{"start":{"line":83,"column":25},"end":{"line":83,"column":66}},"type":"cond-expr","locations":[{"start":{"line":83,"column":49},"end":{"line":83,"column":55}},{"start":{"line":83,"column":58},"end":{"line":83,"column":66}}],"line":83},"4":{"loc":{"start":{"line":86,"column":25},"end":{"line":86,"column":74}},"type":"cond-expr","locations":[{"start":{"line":86,"column":49},"end":{"line":86,"column":65}},{"start":{"line":86,"column":68},"end":{"line":86,"column":74}}],"line":86},"5":{"loc":{"start":{"line":93,"column":4},"end":{"line":103,"column":5}},"type":"if","locations":[{"start":{"line":93,"column":4},"end":{"line":103,"column":5}},{"start":{"line":99,"column":11},"end":{"line":103,"column":5}}],"line":93},"6":{"loc":{"start":{"line":96,"column":6},"end":{"line":98,"column":7}},"type":"if","locations":[{"start":{"line":96,"column":6},"end":{"line":98,"column":7}},{"start":{},"end":{}}],"line":96},"7":{"loc":{"start":{"line":100,"column":6},"end":{"line":102,"column":7}},"type":"if","locations":[{"start":{"line":100,"column":6},"end":{"line":102,"column":7}},{"start":{},"end":{}}],"line":100},"8":{"loc":{"start":{"line":107,"column":4},"end":{"line":122,"column":5}},"type":"if","locations":[{"start":{"line":107,"column":4},"end":{"line":122,"column":5}},{"start":{"line":119,"column":11},"end":{"line":122,"column":5}}],"line":107},"9":{"loc":{"start":{"line":131,"column":7},"end":{"line":148,"column":7}},"type":"cond-expr","locations":[{"start":{"line":132,"column":8},"end":{"line":136,"column":10}},{"start":{"line":137,"column":10},"end":{"line":148,"column":7}}],"line":131},"10":{"loc":{"start":{"line":134,"column":19},"end":{"line":134,"column":48}},"type":"binary-expr","locations":[{"start":{"line":134,"column":19},"end":{"line":134,"column":42}},{"start":{"line":134,"column":46},"end":{"line":134,"column":48}}],"line":134},"11":{"loc":{"start":{"line":137,"column":10},"end":{"line":148,"column":7}},"type":"cond-expr","locations":[{"start":{"line":138,"column":8},"end":{"line":141,"column":10}},{"start":{"line":143,"column":8},"end":{"line":147,"column":10}}],"line":137},"12":{"loc":{"start":{"line":145,"column":16},"end":{"line":145,"column":42}},"type":"binary-expr","locations":[{"start":{"line":145,"column":16},"end":{"line":145,"column":36}},{"start":{"line":145,"column":40},"end":{"line":145,"column":42}}],"line":145},"13":{"loc":{"start":{"line":150,"column":7},"end":{"line":163,"column":7}},"type":"binary-expr","locations":[{"start":{"line":150,"column":7},"end":{"line":150,"column":17}},{"start":{"line":151,"column":8},"end":{"line":162,"column":15}}],"line":150},"14":{"loc":{"start":{"line":151,"column":37},"end":{"line":151,"column":82}},"type":"cond-expr","locations":[{"start":{"line":151,"column":49},"end":{"line":151,"column":63}},{"start":{"line":151,"column":66},"end":{"line":151,"column":82}}],"line":151},"15":{"loc":{"start":{"line":153,"column":13},"end":{"line":153,"column":62}},"type":"cond-expr","locations":[{"start":{"line":153,"column":25},"end":{"line":153,"column":41}},{"start":{"line":153,"column":44},"end":{"line":153,"column":62}}],"line":153},"16":{"loc":{"start":{"line":159,"column":15},"end":{"line":159,"column":63}},"type":"cond-expr","locations":[{"start":{"line":159,"column":32},"end":{"line":159,"column":47}},{"start":{"line":159,"column":50},"end":{"line":159,"column":63}}],"line":159}},"s":{"0":0,"1":0,"2":0,"3":0,"4":0,"5":0,"6":0,"7":0,"8":0,"9":0,"10":0,"11":0,"12":0,"13":0,"14":0,"15":0,"16":0,"17":0,"18":0,"19":0,"20":0,"21":0,"22":0,"23":0,"24":0,"25":0,"26":0,"27":0,"28":0,"29":0,"30":0,"31":0,"32":0,"33":0,"34":0,"35":0,"36":0,"37":0,"38":0,"39":0,"40":0,"41":0,"42":0,"43":0,"44":0,"45":0,"46":0,"47":0,"48":0,"49":0,"50":0,"51":0,"52":0,"53":0,"54":0,"55":0,"56":0,"57":0,"58":0,"59":0,"60":0,"61":0},"f":{"0":0,"1":0,"2":0,"3":0,"4":0,"5":0,"6":0,"7":0},"b":{"0":[0,0],"1":[0,0],"2":[0,0],"3":[0,0],"4":[0,0],"5":[0,0],"6":[0,0],"7":[0,0],"8":[0,0],"9":[0,0],"10":[0,0],"11":[0,0],"12":[0,0],"13":[0,0],"14":[0,0],"15":[0,0],"16":[0,0]}}
,"/Users/molatif/Desktop/Assignment/DuolingoLesson/components/Hearts.tsx": {"path":"/Users/molatif/Desktop/Assignment/DuolingoLesson/components/Hearts.tsx","statementMap":{"0":{"start":{"line":10,"column":17},"end":{"line":10,"column":56}},"1":{"start":{"line":10,"column":43},"end":{"line":10,"column":55}},"2":{"start":{"line":11,"column":23},"end":{"line":21,"column":3}},"3":{"start":{"line":12,"column":23},"end":{"line":12,"column":25}},"4":{"start":{"line":13,"column":4},"end":{"line":19,"column":5}},"5":{"start":{"line":13,"column":17},"end":{"line":13,"column":18}},"6":{"start":{"line":14,"column":6},"end":{"line":18,"column":8}},"7":{"start":{"line":20,"column":4},"end":{"line":20,"column":22}},"8":{"start":{"line":23,"column":2},"end":{"line":32,"column":4}},"9":{"start":{"line":35,"column":15},"end":{"line":59,"column":2}}},"fnMap":{"0":{"name":"Hearts","decl":{"start":{"line":9,"column":16},"end":{"line":9,"column":22}},"loc":{"start":{"line":9,"column":42},"end":{"line":33,"column":1}},"line":9},"1":{"name":"(anonymous_1)","decl":{"start":{"line":10,"column":32},"end":{"line":10,"column":33}},"loc":{"start":{"line":10,"column":43},"end":{"line":10,"column":55}},"line":10},"2":{"name":"(anonymous_2)","decl":{"start":{"line":11,"column":23},"end":{"line":11,"column":24}},"loc":{"start":{"line":11,"column":29},"end":{"line":21,"column":3}},"line":11}},"branchMap":{"0":{"loc":{"start":{"line":16,"column":11},"end":{"line":16,"column":35}},"type":"cond-expr","locations":[{"start":{"line":16,"column":24},"end":{"line":16,"column":28}},{"start":{"line":16,"column":31},"end":{"line":16,"column":35}}],"line":16}},"s":{"0":2,"1":2,"2":2,"3":2,"4":2,"5":2,"6":6,"7":2,"8":2,"9":1},"f":{"0":2,"1":2,"2":2},"b":{"0":[6,0]},"_coverageSchema":"1a1c01bbd47fc00a2c39e90264f33305004495a9","hash":"6a701e21fc4d096e46a0baf068875edaa9b9fd83"}
,"/Users/molatif/Desktop/Assignment/DuolingoLesson/components/MultipleChoice.tsx": {"path":"/Users/molatif/Desktop/Assignment/DuolingoLesson/components/MultipleChoice.tsx","statementMap":{"0":{"start":{"line":11,"column":2},"end":{"line":34,"column":4}},"1":{"start":{"line":22,"column":8},"end":{"line":31,"column":27}},"2":{"start":{"line":25,"column":25},"end":{"line":25,"column":41}},"3":{"start":{"line":37,"column":15},"end":{"line":60,"column":2}}},"fnMap":{"0":{"name":"MultipleChoice","decl":{"start":{"line":10,"column":16},"end":{"line":10,"column":30}},"loc":{"start":{"line":10,"column":71},"end":{"line":35,"column":1}},"line":10},"1":{"name":"(anonymous_1)","decl":{"start":{"line":21,"column":19},"end":{"line":21,"column":20}},"loc":{"start":{"line":22,"column":8},"end":{"line":31,"column":27}},"line":22},"2":{"name":"(anonymous_2)","decl":{"start":{"line":25,"column":19},"end":{"line":25,"column":20}},"loc":{"start":{"line":25,"column":25},"end":{"line":25,"column":41}},"line":25}},"branchMap":{},"s":{"0":0,"1":0,"2":0,"3":0},"f":{"0":0,"1":0,"2":0},"b":{}}
,"/Users/molatif/Desktop/Assignment/DuolingoLesson/components/ProgressBar.tsx": {"path":"/Users/molatif/Desktop/Assignment/DuolingoLesson/components/ProgressBar.tsx","statementMap":{"0":{"start":{"line":6,"column":19},"end":{"line":6,"column":60}},"1":{"start":{"line":6,"column":45},"end":{"line":6,"column":59}},"2":{"start":{"line":7,"column":25},"end":{"line":7,"column":72}},"3":{"start":{"line":7,"column":51},"end":{"line":7,"column":71}},"4":{"start":{"line":8,"column":29},"end":{"line":8,"column":87}},"5":{"start":{"line":10,"column":2},"end":{"line":14,"column":4}},"6":{"start":{"line":17,"column":15},"end":{"line":29,"column":2}}},"fnMap":{"0":{"name":"ProgressBar","decl":{"start":{"line":5,"column":16},"end":{"line":5,"column":27}},"loc":{"start":{"line":5,"column":30},"end":{"line":15,"column":1}},"line":5},"1":{"name":"(anonymous_1)","decl":{"start":{"line":6,"column":34},"end":{"line":6,"column":35}},"loc":{"start":{"line":6,"column":45},"end":{"line":6,"column":59}},"line":6},"2":{"name":"(anonymous_2)","decl":{"start":{"line":7,"column":40},"end":{"line":7,"column":41}},"loc":{"start":{"line":7,"column":51},"end":{"line":7,"column":71}},"line":7}},"branchMap":{"0":{"loc":{"start":{"line":8,"column":29},"end":{"line":8,"column":87}},"type":"cond-expr","locations":[{"start":{"line":8,"column":50},"end":{"line":8,"column":83}},{"start":{"line":8,"column":86},"end":{"line":8,"column":87}}],"line":8}},"s":{"0":0,"1":0,"2":0,"3":0,"4":0,"5":0,"6":0},"f":{"0":0,"1":0,"2":0},"b":{"0":[0,0]}}
,"/Users/molatif/Desktop/Assignment/DuolingoLesson/components/Score.tsx": {"path":"/Users/molatif/Desktop/Assignment/DuolingoLesson/components/Score.tsx","statementMap":{"0":{"start":{"line":6,"column":16},"end":{"line":6,"column":54}},"1":{"start":{"line":6,"column":42},"end":{"line":6,"column":53}},"2":{"start":{"line":7,"column":2},"end":{"line":11,"column":4}},"3":{"start":{"line":14,"column":15},"end":{"line":24,"column":2}}},"fnMap":{"0":{"name":"Score","decl":{"start":{"line":5,"column":16},"end":{"line":5,"column":21}},"loc":{"start":{"line":5,"column":24},"end":{"line":12,"column":1}},"line":5},"1":{"name":"(anonymous_1)","decl":{"start":{"line":6,"column":31},"end":{"line":6,"column":32}},"loc":{"start":{"line":6,"column":42},"end":{"line":6,"column":53}},"line":6}},"branchMap":{},"s":{"0":0,"1":0,"2":0,"3":0},"f":{"0":0,"1":0},"b":{}}
,"/Users/molatif/Desktop/Assignment/DuolingoLesson/components/TextInput.tsx": {"path":"/Users/molatif/Desktop/Assignment/DuolingoLesson/components/TextInput.tsx","statementMap":{"0":{"start":{"line":10,"column":30},"end":{"line":10,"column":42}},"1":{"start":{"line":12,"column":23},"end":{"line":16,"column":3}},"2":{"start":{"line":13,"column":4},"end":{"line":15,"column":5}},"3":{"start":{"line":14,"column":6},"end":{"line":14,"column":44}},"4":{"start":{"line":18,"column":2},"end":{"line":50,"column":4}},"5":{"start":{"line":53,"column":15},"end":{"line":86,"column":2}}},"fnMap":{"0":{"name":"TextInputExercise","decl":{"start":{"line":9,"column":16},"end":{"line":9,"column":33}},"loc":{"start":{"line":9,"column":65},"end":{"line":51,"column":1}},"line":9},"1":{"name":"(anonymous_1)","decl":{"start":{"line":12,"column":23},"end":{"line":12,"column":24}},"loc":{"start":{"line":12,"column":29},"end":{"line":16,"column":3}},"line":12}},"branchMap":{"0":{"loc":{"start":{"line":13,"column":4},"end":{"line":15,"column":5}},"type":"if","locations":[{"start":{"line":13,"column":4},"end":{"line":15,"column":5}},{"start":{},"end":{}}],"line":13},"1":{"loc":{"start":{"line":40,"column":31},"end":{"line":40,"column":70}},"type":"binary-expr","locations":[{"start":{"line":40,"column":31},"end":{"line":40,"column":45}},{"start":{"line":40,"column":49},"end":{"line":40,"column":70}}],"line":40}},"s":{"0":0,"1":0,"2":0,"3":0,"4":0,"5":0},"f":{"0":0,"1":0},"b":{"0":[0,0],"1":[0,0]}}
,"/Users/molatif/Desktop/Assignment/DuolingoLesson/components/WordBank.tsx": {"path":"/Users/molatif/Desktop/Assignment/DuolingoLesson/components/WordBank.tsx","statementMap":{"0":{"start":{"line":11,"column":44},"end":{"line":11,"column":66}},"1":{"start":{"line":12,"column":46},"end":{"line":12,"column":70}},"2":{"start":{"line":14,"column":21},"end":{"line":17,"column":3}},"3":{"start":{"line":15,"column":4},"end":{"line":15,"column":47}},"4":{"start":{"line":16,"column":4},"end":{"line":16,"column":62}},"5":{"start":{"line":16,"column":49},"end":{"line":16,"column":59}},"6":{"start":{"line":19,"column":21},"end":{"line":23,"column":3}},"7":{"start":{"line":20,"column":17},"end":{"line":20,"column":37}},"8":{"start":{"line":21,"column":4},"end":{"line":21,"column":66}},"9":{"start":{"line":21,"column":52},"end":{"line":21,"column":63}},"10":{"start":{"line":22,"column":4},"end":{"line":22,"column":49}},"11":{"start":{"line":25,"column":23},"end":{"line":29,"column":3}},"12":{"start":{"line":26,"column":4},"end":{"line":28,"column":5}},"13":{"start":{"line":27,"column":6},"end":{"line":27,"column":30}},"14":{"start":{"line":31,"column":2},"end":{"line":90,"column":4}},"15":{"start":{"line":47,"column":10},"end":{"line":56,"column":29}},"16":{"start":{"line":50,"column":27},"end":{"line":50,"column":44}},"17":{"start":{"line":66,"column":10},"end":{"line":75,"column":29}},"18":{"start":{"line":69,"column":27},"end":{"line":69,"column":43}},"19":{"start":{"line":93,"column":15},"end":{"line":158,"column":2}}},"fnMap":{"0":{"name":"WordBank","decl":{"start":{"line":10,"column":16},"end":{"line":10,"column":24}},"loc":{"start":{"line":10,"column":60},"end":{"line":91,"column":1}},"line":10},"1":{"name":"(anonymous_1)","decl":{"start":{"line":14,"column":21},"end":{"line":14,"column":22}},"loc":{"start":{"line":14,"column":39},"end":{"line":17,"column":3}},"line":14},"2":{"name":"(anonymous_2)","decl":{"start":{"line":16,"column":44},"end":{"line":16,"column":45}},"loc":{"start":{"line":16,"column":49},"end":{"line":16,"column":59}},"line":16},"3":{"name":"(anonymous_3)","decl":{"start":{"line":19,"column":21},"end":{"line":19,"column":22}},"loc":{"start":{"line":19,"column":40},"end":{"line":23,"column":3}},"line":19},"4":{"name":"(anonymous_4)","decl":{"start":{"line":21,"column":42},"end":{"line":21,"column":43}},"loc":{"start":{"line":21,"column":52},"end":{"line":21,"column":63}},"line":21},"5":{"name":"(anonymous_5)","decl":{"start":{"line":25,"column":23},"end":{"line":25,"column":24}},"loc":{"start":{"line":25,"column":29},"end":{"line":29,"column":3}},"line":25},"6":{"name":"(anonymous_6)","decl":{"start":{"line":46,"column":27},"end":{"line":46,"column":28}},"loc":{"start":{"line":47,"column":10},"end":{"line":56,"column":29}},"line":47},"7":{"name":"(anonymous_7)","decl":{"start":{"line":50,"column":21},"end":{"line":50,"column":22}},"loc":{"start":{"line":50,"column":27},"end":{"line":50,"column":44}},"line":50},"8":{"name":"(anonymous_8)","decl":{"start":{"line":65,"column":28},"end":{"line":65,"column":29}},"loc":{"start":{"line":66,"column":10},"end":{"line":75,"column":29}},"line":66},"9":{"name":"(anonymous_9)","decl":{"start":{"line":69,"column":21},"end":{"line":69,"column":22}},"loc":{"start":{"line":69,"column":27},"end":{"line":69,"column":43}},"line":69}},"branchMap":{"0":{"loc":{"start":{"line":26,"column":4},"end":{"line":28,"column":5}},"type":"if","locations":[{"start":{"line":26,"column":4},"end":{"line":28,"column":5}},{"start":{},"end":{}}],"line":26},"1":{"loc":{"start":{"line":80,"column":31},"end":{"line":80,"column":82}},"type":"binary-expr","locations":[{"start":{"line":80,"column":31},"end":{"line":80,"column":57}},{"start":{"line":80,"column":61},"end":{"line":80,"column":82}}],"line":80}},"s":{"0":0,"1":0,"2":0,"3":0,"4":0,"5":0,"6":0,"7":0,"8":0,"9":0,"10":0,"11":0,"12":0,"13":0,"14":0,"15":0,"16":0,"17":0,"18":0,"19":0},"f":{"0":0,"1":0,"2":0,"3":0,"4":0,"5":0,"6":0,"7":0,"8":0,"9":0},"b":{"0":[0,0],"1":[0,0]}}
,"/Users/molatif/Desktop/Assignment/DuolingoLesson/context/LocaleContext.tsx": {"path":"/Users/molatif/Desktop/Assignment/DuolingoLesson/context/LocaleContext.tsx","statementMap":{"0":{"start":{"line":10,"column":22},"end":{"line":10,"column":77}},"1":{"start":{"line":17,"column":30},"end":{"line":17,"column":52}},"2":{"start":{"line":18,"column":12},"end":{"line":18,"column":35}},"3":{"start":{"line":20,"column":2},"end":{"line":24,"column":4}},"4":{"start":{"line":28,"column":18},"end":{"line":28,"column":43}},"5":{"start":{"line":29,"column":2},"end":{"line":31,"column":3}},"6":{"start":{"line":30,"column":4},"end":{"line":30,"column":68}},"7":{"start":{"line":32,"column":2},"end":{"line":32,"column":17}}},"fnMap":{"0":{"name":"LocaleProvider","decl":{"start":{"line":16,"column":16},"end":{"line":16,"column":30}},"loc":{"start":{"line":16,"column":52},"end":{"line":25,"column":1}},"line":16},"1":{"name":"useLocale","decl":{"start":{"line":27,"column":16},"end":{"line":27,"column":25}},"loc":{"start":{"line":27,"column":28},"end":{"line":33,"column":1}},"line":27}},"branchMap":{"0":{"loc":{"start":{"line":29,"column":2},"end":{"line":31,"column":3}},"type":"if","locations":[{"start":{"line":29,"column":2},"end":{"line":31,"column":3}},{"start":{},"end":{}}],"line":29}},"s":{"0":0,"1":0,"2":0,"3":0,"4":0,"5":0,"6":0,"7":0},"f":{"0":0,"1":0},"b":{"0":[0,0]}}
,"/Users/molatif/Desktop/Assignment/DuolingoLesson/locales/en.ts": {"path":"/Users/molatif/Desktop/Assignment/DuolingoLesson/locales/en.ts","statementMap":{"0":{"start":{"line":1,"column":18},"end":{"line":21,"column":1}}},"fnMap":{},"branchMap":{},"s":{"0":0},"f":{},"b":{}}
,"/Users/molatif/Desktop/Assignment/DuolingoLesson/locales/es.ts": {"path":"/Users/molatif/Desktop/Assignment/DuolingoLesson/locales/es.ts","statementMap":{"0":{"start":{"line":1,"column":18},"end":{"line":21,"column":1}}},"fnMap":{},"branchMap":{},"s":{"0":0},"f":{},"b":{}}
,"/Users/molatif/Desktop/Assignment/DuolingoLesson/locales/index.ts": {"path":"/Users/molatif/Desktop/Assignment/DuolingoLesson/locales/index.ts","statementMap":{"0":{"start":{"line":6,"column":28},"end":{"line":9,"column":1}},"1":{"start":{"line":11,"column":31},"end":{"line":11,"column":71}},"2":{"start":{"line":11,"column":51},"end":{"line":11,"column":71}}},"fnMap":{"0":{"name":"(anonymous_0)","decl":{"start":{"line":11,"column":31},"end":{"line":11,"column":32}},"loc":{"start":{"line":11,"column":51},"end":{"line":11,"column":71}},"line":11}},"branchMap":{},"s":{"0":0,"1":0,"2":0},"f":{"0":0},"b":{}}
,"/Users/molatif/Desktop/Assignment/DuolingoLesson/store/lessonStore.ts": {"path":"/Users/molatif/Desktop/Assignment/DuolingoLesson/store/lessonStore.ts","statementMap":{"0":{"start":{"line":19,"column":30},"end":{"line":59,"column":1}},"1":{"start":{"line":21,"column":18},"end":{"line":53,"column":9}},"2":{"start":{"line":28,"column":47},"end":{"line":28,"column":64}},"3":{"start":{"line":30,"column":34},"end":{"line":32,"column":15}},"4":{"start":{"line":30,"column":50},"end":{"line":32,"column":13}},"5":{"start":{"line":34,"column":35},"end":{"line":36,"column":15}},"6":{"start":{"line":34,"column":51},"end":{"line":36,"column":13}},"7":{"start":{"line":38,"column":43},"end":{"line":40,"column":15}},"8":{"start":{"line":38,"column":59},"end":{"line":40,"column":13}},"9":{"start":{"line":42,"column":50},"end":{"line":44,"column":14}},"10":{"start":{"line":46,"column":31},"end":{"line":52,"column":14}},"11":{"start":{"line":56,"column":45},"end":{"line":56,"column":57}}},"fnMap":{"0":{"name":"(anonymous_0)","decl":{"start":{"line":21,"column":8},"end":{"line":21,"column":9}},"loc":{"start":{"line":21,"column":18},"end":{"line":53,"column":9}},"line":21},"1":{"name":"(anonymous_1)","decl":{"start":{"line":28,"column":25},"end":{"line":28,"column":26}},"loc":{"start":{"line":28,"column":47},"end":{"line":28,"column":64}},"line":28},"2":{"name":"(anonymous_2)","decl":{"start":{"line":30,"column":28},"end":{"line":30,"column":29}},"loc":{"start":{"line":30,"column":34},"end":{"line":32,"column":15}},"line":30},"3":{"name":"(anonymous_3)","decl":{"start":{"line":30,"column":38},"end":{"line":30,"column":39}},"loc":{"start":{"line":30,"column":50},"end":{"line":32,"column":13}},"line":30},"4":{"name":"(anonymous_4)","decl":{"start":{"line":34,"column":29},"end":{"line":34,"column":30}},"loc":{"start":{"line":34,"column":35},"end":{"line":36,"column":15}},"line":34},"5":{"name":"(anonymous_5)","decl":{"start":{"line":34,"column":39},"end":{"line":34,"column":40}},"loc":{"start":{"line":34,"column":51},"end":{"line":36,"column":13}},"line":34},"6":{"name":"(anonymous_6)","decl":{"start":{"line":38,"column":37},"end":{"line":38,"column":38}},"loc":{"start":{"line":38,"column":43},"end":{"line":40,"column":15}},"line":38},"7":{"name":"(anonymous_7)","decl":{"start":{"line":38,"column":47},"end":{"line":38,"column":48}},"loc":{"start":{"line":38,"column":59},"end":{"line":40,"column":13}},"line":38},"8":{"name":"(anonymous_8)","decl":{"start":{"line":42,"column":31},"end":{"line":42,"column":32}},"loc":{"start":{"line":42,"column":50},"end":{"line":44,"column":14}},"line":42},"9":{"name":"(anonymous_9)","decl":{"start":{"line":46,"column":25},"end":{"line":46,"column":26}},"loc":{"start":{"line":46,"column":31},"end":{"line":52,"column":14}},"line":46},"10":{"name":"(anonymous_10)","decl":{"start":{"line":56,"column":39},"end":{"line":56,"column":40}},"loc":{"start":{"line":56,"column":45},"end":{"line":56,"column":57}},"line":56}},"branchMap":{},"s":{"0":0,"1":0,"2":0,"3":0,"4":0,"5":0,"6":0,"7":0,"8":0,"9":0,"10":0,"11":0},"f":{"0":0,"1":0,"2":0,"3":0,"4":0,"5":0,"6":0,"7":0,"8":0,"9":0,"10":0},"b":{}}
,"/Users/molatif/Desktop/Assignment/DuolingoLesson/types/simple.ts": {"path":"/Users/molatif/Desktop/Assignment/DuolingoLesson/types/simple.ts","statementMap":{},"fnMap":{},"branchMap":{},"s":{},"f":{},"b":{}}
}
